<?xml version="1.0" encoding="utf-8"?>
<test-run id="2" testcasecount="2" result="Passed" total="2" passed="2" failed="0" inconclusive="0" skipped="0" asserts="0" engine-version="3.5.0.0" clr-version="4.0.30319.42000" start-time="2023-08-20 23:06:15Z" end-time="2023-08-20 23:06:15Z" duration="0,0492149">
  <test-suite type="TestSuite" id="1000" name="UnityCI" fullname="UnityCI" runstate="Runnable" testcasecount="2" result="Passed" start-time="2023-08-20 23:06:15Z" end-time="2023-08-20 23:06:15Z" duration="0.049215" total="2" passed="2" failed="0" inconclusive="0" skipped="0" asserts="0">
    <properties>
      <property name="platform" value="EditMode" />
    </properties>
    <test-suite type="Assembly" id="1004" name="Tests.dll" fullname="C:/Users/Yukiix/UnityCI/Library/ScriptAssemblies/Tests.dll" runstate="Runnable" testcasecount="2" result="Passed" start-time="2023-08-20 23:06:15Z" end-time="2023-08-20 23:06:15Z" duration="0.042284" total="2" passed="2" failed="0" inconclusive="0" skipped="0" asserts="0">
      <properties>
        <property name="_PID" value="21812" />
        <property name="_APPDOMAIN" value="Unity Child Domain" />
        <property name="platform" value="EditMode" />
      </properties>
      <test-suite type="TestFixture" id="1001" name="TestSample" fullname="TestSample" classname="TestSample" runstate="Runnable" testcasecount="2" result="Passed" start-time="2023-08-20 23:06:15Z" end-time="2023-08-20 23:06:15Z" duration="0.041189" total="2" passed="2" failed="0" inconclusive="0" skipped="0" asserts="0">
        <properties>
          <property name="platform" value="EditMode" />
        </properties>
        <test-case id="1002" name="TestSampleSimplePasses" fullname="TestSample.TestSampleSimplePasses" methodname="TestSampleSimplePasses" classname="TestSample" runstate="Runnable" seed="324491421" result="Passed" start-time="2023-08-20 23:06:15Z" end-time="2023-08-20 23:06:15Z" duration="0.019130" asserts="0">
          <properties>
            <property name="platform" value="EditMode" />
            <property name="retryIteration" value="0" />
            <property name="repeatIteration" value="0" />
          </properties>
          <output><![CDATA[1
TestSampleSimplePasses
-522715136
-522715136
-522715136
]]></output>
        </test-case>
        <test-case id="1003" name="TestSampleWithEnumeratorPasses" fullname="TestSample.TestSampleWithEnumeratorPasses" methodname="TestSampleWithEnumeratorPasses" classname="TestSample" runstate="Runnable" seed="116634949" result="Passed" start-time="2023-08-20 23:06:15Z" end-time="2023-08-20 23:06:15Z" duration="0.010407" asserts="0">
          <properties>
            <property name="_JOINTYPE" value="UnityCombinatorial" />
            <property name="Timeout" value="30" />
            <property name="platform" value="EditMode" />
            <property name="retryIteration" value="0" />
            <property name="repeatIteration" value="0" />
          </properties>
          <output><![CDATA[1
Saving results to: C:\Users\Yukiix\UnityCI\dotCover\master\256d9a6853b06fded36dae385b350f5610be9f45#2023_08_21_01_05_46\TestsResultsEditMode.xml
]]></output>
        </test-case>
      </test-suite>
    </test-suite>
  </test-suite>
</test-run>