<?xml version="1.0" encoding="utf-8"?>
<test-run id="2" testcasecount="2" result="Passed" total="2" passed="2" failed="0" inconclusive="0" skipped="0" asserts="0" engine-version="3.5.0.0" clr-version="4.0.30319.42000" start-time="2023-08-20 23:05:59Z" end-time="2023-08-20 23:06:01Z" duration="2,2641358">
  <test-suite type="TestSuite" id="1000" name="UnityCI" fullname="UnityCI" runstate="Runnable" testcasecount="2" result="Passed" start-time="2023-08-20 23:05:59Z" end-time="2023-08-20 23:06:01Z" duration="2.264136" total="2" passed="2" failed="0" inconclusive="0" skipped="0" asserts="0">
    <properties>
      <property name="platform" value="PlayMode" />
    </properties>
    <test-suite type="Assembly" id="1004" name="PlaymodeTests.dll" fullname="C:/Users/Yukiix/UnityCI/Library/ScriptAssemblies/PlaymodeTests.dll" runstate="Runnable" testcasecount="2" result="Passed" start-time="2023-08-20 23:05:59Z" end-time="2023-08-20 23:06:01Z" duration="2.257633" total="2" passed="2" failed="0" inconclusive="0" skipped="0" asserts="0">
      <properties>
        <property name="_PID" value="21856" />
        <property name="_APPDOMAIN" value="Unity Child Domain" />
        <property name="platform" value="PlayMode" />
      </properties>
      <test-suite type="TestFixture" id="1001" name="PlaymodeTests" fullname="PlaymodeTests" classname="PlaymodeTests" runstate="Runnable" testcasecount="2" result="Passed" start-time="2023-08-20 23:05:59Z" end-time="2023-08-20 23:06:01Z" duration="2.256189" total="2" passed="2" failed="0" inconclusive="0" skipped="0" asserts="0">
        <properties>
          <property name="platform" value="PlayMode" />
        </properties>
        <test-case id="1002" name="PlaymodeTestsSimplePasses" fullname="PlaymodeTests.PlaymodeTestsSimplePasses" methodname="PlaymodeTestsSimplePasses" classname="PlaymodeTests" runstate="Runnable" seed="486342895" result="Passed" start-time="2023-08-20 23:05:59Z" end-time="2023-08-20 23:05:59Z" duration="0.254566" asserts="0">
          <properties>
            <property name="platform" value="PlayMode" />
            <property name="retryIteration" value="0" />
            <property name="repeatIteration" value="0" />
          </properties>
          <output><![CDATA[Setup
1
0
0
]]></output>
        </test-case>
        <test-case id="1003" name="TestWithFrameExecution" fullname="PlaymodeTests.TestWithFrameExecution" methodname="TestWithFrameExecution" classname="PlaymodeTests" runstate="Runnable" seed="848614821" result="Passed" start-time="2023-08-20 23:05:59Z" end-time="2023-08-20 23:06:01Z" duration="1.989093" asserts="0">
          <properties>
            <property name="_JOINTYPE" value="UnityCombinatorial" />
            <property name="platform" value="PlayMode" />
            <property name="retryIteration" value="0" />
            <property name="repeatIteration" value="0" />
          </properties>
          <output><![CDATA[Setup
0
626388672
239293389
-993005491
-746516057
-643246343
1306606394
1989670739
767609871
851499088
-163832359
-1084731102
341000818
-1595602192
916523488
-879915177
-977070970
-847698876
1932118530
1425609735
163794234
-1927543998
819503417
748536329
-1079713731
1380971160
669732993
1696875519
2107241070
-789642121
763181491
-360600488
-658953756
-262319560
-1263973087
-751975296
1112158472
-669222933
-1499268724
-1684656100
147292183
-1277223477
-2105480027
675031609
-1672495087
1471526678
1381338241
460396816
2036075815
53155869
2103754109
1859027544
2011340691
-1395484030
1954891056
-289159750
222220790
-1249883047
1811030812
460113357
1621493303
1467186430
769871823
-799230701
1808017
1287888608
-68604544
1319697347
307975065
-1027609684
-267891882
2046283895
829985611
-1943540669
-1102625686
-109813827
-1931249389
-1080702664
-1141522764
1621592000
2006667558
-422143260
1883277460
-1408923429
-2126840292
1407796581
-1491504220
-1487248180
1900459045
-400751355
74833905
-251807817
887013905
-1268003678
-1630857335
51796968
1100664785
738067868
1842296885
1547171711
1271156591
1
0
-952835490
17814215
-1724521379
557524211
-1040382824
1050378122
-2009435384
-262221248
1496236311
1009554071
-413854679
1629423185
-829012708
385277555
-640850728
-1057371074
1018945432
480152378
776460245
-1605278177
-1032570222
-1428443459
984755532
-1854356069
1916521868
-2057159888
-1366184291
2031280841
1432946634
1103502828
-494885361
-1930820548
287311164
-520600695
-2026954425
-608694662
1243670996
-395960558
-1774375360
225261859
-1060237549
-1744300393
1740141816
-2080838387
-1283535626
-342173536
-811499873
200631011
-836168169
1942722730
937055690
387505064
294125298
-1104794976
-617128789
-1969026562
612177462
721509171
-902653700
-657685315
-1806899916
892730445
-350328977
-674500643
-1528969899
-1106214377
648920997
772807082
-466774448
1586995448
-1794343912
-1140856230
-1285004189
-795110762
-1509832671
1651006337
307458259
-1630515411
-1229403114
380382483
527434493
-2092589287
1936538395
-2074192688
-1691952820
-1263259546
781934600
-661300769
-179042504
1626750708
353933762
-407801569
839505686
1666801213
853417245
-569656368
575039072
197618851
1236516403
1248152046
2
0
-1048124605
-561228610
2006893196
-1612081030
-385614785
-719946747
-727884151
-2015087064
-244264721
392199312
-1447620125
-1882966133
2026137908
-321647040
2105356848
1395341947
-2005048093
1142410658
1357876130
-627209434
958703338
1126438577
-281401364
1497912726
-976770141
649440308
-1743848887
57800763
2073280837
1884030479
536835837
323220761
1992267741
-430732421
-2105585198
236488633
68413656
-18766990
115907773
1283974806
1472824054
608194894
-426820593
365942046
-1903547549
686211549
932642698
-602231997
-2087435632
501383958
495474063
-1807632946
895546644
-1139594595
1676158141
2048791243
-932933431
1837505690
-806813605
-982791385
-1444546149
1952076529
1941340153
1755291739
1857074674
1213972239
139614282
500870243
1991148815
1662582546
2039642931
828598742
-1285094392
-1750889191
-41801923
1460001922
1548338478
1468616955
996032248
-1035598627
1354029326
-853064341
-2017190967
-170486016
-2082714595
-190358256
-744875490
305523194
-211229947
-1117159515
1050728700
65506539
933439321
1094840927
-107039309
1185017535
-392789795
646665370
-1439408427
1663670586
3
0
-1243387028
444963004
-255404584
971801472
393881562
-1584656911
-408783859
982453242
2089660294
1026545251
1230626775
-1957966371
439067309
-646651067
-556521253
-1952177159
1281218282
-1295160593
1302335133
1731282747
1173960625
473606131
-786201073
-1136256113
-1341200631
-113058876
-1273218787
-1198864782
-304955
-1878511611
1158232008
736018509
-1907976061
-543225514
1403306522
237350027
882753356
-1813002960
1722704197
-984823569
-1670219563
-237373394
1692932889
1203813595
-923025370
1985829279
-758537058
271445112
-2042497877
-1697856419
-2059501874
2056199229
1935821675
267425654
-103923640
2065880504
-1694834524
-1850044502
-1703067179
1998575671
-1171392080
2133845632
-1884527783
-2038702853
-741456387
1398125282
1066382714
-406111628
-972326179
-1195961764
2052150357
1148701169
1505205808
-653110616
-1450093021
-741135711
-1225754379
2109533073
-566257077
343094543
-1577992028
-1156888728
423915392
345172714
-1144394692
-627516374
1612349590
1675420613
385899406
-1947878200
-1076915438
-1156997659
775974177
140871645
1265746624
1021348094
-1855663322
899409336
1891194377
-928606312
4
0
1473061133
2117630667
551601238
-368943089
1417273611
1772762989
-808543110
-1229615212
-1377877520
360057465
778074593
-1271690602
1664392481
1177839356
-348741462
1140453472
73638059
1627731293
-1075254745
-1281464502
711065450
-502884186
-1698169069
1520660278
-6536793
-1459018406
-1944881137
1292401764
-805008101
-1337503308
654542003
-1452923029
-578938103
-675402781
1814240187
1952850987
-647114755
2133464576
-1960823651
1319243438
2038899360
-692932218
-599989487
37044550
-1033379454
26891977
-1174075008
-1844297481
-284895034
-1132730383
-1373593353
783632444
1732147140
-2070331203
-1349156927
-1419434329
-1074662312
1906558899
-179518159
-148994783
1207823534
-1467206211
-1141237552
944678147
285128248
1503025223
-1304303811
2146056907
448797816
1912552199
1287279114
-500689612
2022827733
1891556803
1854598108
1277805196
1006187154
1034924267
-2067629943
108914495
1952594112
-1265965489
-1550068121
-894006988
804723866
1277964213
-1309019975
1341661339
1492969010
-184538337
193093950
91255853
981655495
1320043355
-692240351
-798324793
2092570346
-1062066499
2092096194
2028088876
5
0
1450718136
670561828
-630511700
815130030
661120503
1060725225
1013737445
600530259
-1155834752
-816233437
282415458
-384981010
135465235
-1913766802
-1215683856
-1279475400
-1544090163
-544847727
-1182958541
1813892901
-148951538
-1699732804
1224628541
1251525600
-998642717
1598522386
1699354998
1774273020
-496203308
32044703
-1260597635
1475454907
1372960440
-1756365293
1160934817
530898627
1673059321
191831803
1571220810
-464690437
-1055974760
845433988
-666752193
-686309258
-285881386
2120592096
926383552
-557183200
513922132
-851419190
-1047137569
-819444030
1606105095
273322549
-22574615
-206254423
-171328552
836129902
1937533820
-1503120836
-1639490990
-1657730864
-1928943743
-359100977
-836116732
1540041113
1674160078
-846088051
-851402812
1329983508
-518207003
562643099
1753109969
-2007245414
261058197
-454464921
-31233034
675471013
-598870274
-203942590
-1765688300
684261279
453056126
-1463782823
-1275442615
1545699246
-822071118
-461778511
87062389
-767839118
-1661953241
917386577
807630638
-1087054468
663048222
-532218622
1266117667
-768502004
1605974260
138436844
6
0
1104353260
-2091899331
605103229
1959292547
771582849
-1356934707
-2113852769
889905194
1944925289
-1432091808
-1577418375
1125334748
-641264469
-747461648
645271982
2093563490
499781404
-614378890
-846412843
2013519400
-1250124581
-455111968
-815366203
695343775
-130428626
1613356099
483200980
626153520
-1823187691
1026642168
-914990299
-19785245
1340039129
2019450954
-2096454889
1845084052
1491932261
1404723970
100561017
635140685
-1792729937
-1786261638
-477362165
-1644486875
-1610172335
-1949212876
-2011250155
1306129924
1476926430
-643705068
659667039
624563047
-1116456203
-365276360
-1065120416
-1252585668
694696177
-1854726793
-842564940
1080341215
-1474054766
556961092
1465274636
-1304300685
-2013569140
-1298748774
-684899339
-355796984
923848162
-1336581152
-1923433228
-1335029777
-2128368675
452100730
-1030278964
-1696768762
-2034474813
-2007772356
1941541802
-2088970826
1713575778
-260050263
-815522865
709928688
-734647073
1532196426
881243276
466543562
-25463624
-1092961253
1064914328
-750438130
1983797610
-1645274670
-393248134
-1837610196
-1769360128
-204660854
-414851109
934598964
7
0
-1128953357
1344926231
1640272604
1881092794
-529152165
2136160264
-1161558196
-1287165876
2110144096
456379048
30884069
165305755
-987543554
-1069505672
-72674307
-1597591658
-8060729
-1164232916
-1718812807
-1943840319
-604511302
943103423
1178585847
1355050656
-1261785807
-1206053518
-2142435084
1930417971
315445062
-1028952344
-1429617439
670185668
-541203453
-965206734
-1561184304
-1796202670
618495027
-1563790313
288721705
-2052383534
-891763536
-1144820944
-2037202014
-612236754
1475588266
2001329039
-413755113
-1399950175
-424482950
1604246912
-1932297915
-744018174
585079611
193208381
-1677035175
-155215131
-1461202614
46700963
1296562194
-945472531
-773922862
387797451
-446124974
-1954772671
754706355
1360357614
1899971746
-1629033147
-313305259
-1753542647
-1670751216
-1244719587
1120994830
-1914323707
-1021187467
-1911331854
-994511544
-459971249
-1465165334
1026728958
-1096608859
1909700131
63292922
734047023
232307657
1641441023
-862878422
1655096900
719859498
2019247382
-1205651486
1818444356
-2028359267
-1521993827
-2064283407
1920113481
-1204991549
-591567484
1957158114
308918764
8
0
1988948978
1325424033
-1883163233
1193711875
-693833354
461652822
502263924
-286094261
-1616056414
646676978
-1006262009
1047520536
1187437704
-1128771149
-711161166
337306172
-456634709
436452936
-1417970016
-399281423
-827796406
1239339561
-1180681268
1257726707
1123415395
2105882766
1170408105
877789208
1499571484
-1913341962
1358899883
1955177068
-1609256796
150468695
561262992
-1739096816
490962734
708909457
716785144
-1985670590
261727831
-1380537436
-851395217
-329875065
-1363199676
919362748
2117018831
-1498556364
1896853692
-1510851683
578579120
1784179379
-430002924
1388600465
330073491
982018215
-1456651025
1509799311
-1366674626
1472113432
351766332
546441696
1610534159
2100976515
1440542079
1697719085
1284381745
1665638496
1371676258
1032218428
-2125100247
1607430083
-1640019114
269381674
-1112560191
431647936
-46407334
509034999
1591096921
339778863
-1227649076
-1834014696
-39538454
1839068052
-946164732
-1407278329
-194681458
-161072699
1678655873
-1110327140
-490234947
-1524093391
867983708
-2133163369
-560010430
-1163714810
-364564593
1046468202
-1758265832
-1253340969
9
0
801348838
644441808
-894972242
1200931783
-201108609
431088841
1830263791
217905009
1644877114
1955328542
621987715
1312746287
-97954601
1368998542
1652861409
1541030157
1801795917
1895013277
-1207963709
-1104932328
2085219264
269133991
-666645358
-957767344
1968002470
-1329097672
-156833298
-45210293
1647423265
1851490571
804514999
597418111
1287396234
2128447695
1316705783
849333343
517206477
207259944
412787129
1412135873
1433904400
222061919
1088850472
-811854714
-1481939136
-908859273
1032887471
-1844996161
-286628904
950840866
31467644
796192144
314420997
-809640242
1335803021
1200541827
942967536
-1713473386
-1549871628
304419788
240806002
-458576921
827253747
-1957741211
-703865466
-405819085
559454018
1401827865
1533092355
1094538869
616180631
-2046370845
1420136474
2130770437
177443041
981113747
-1029183098
982508293
747468845
1111869484
1070850619
-92165873
1024129634
-773701305
-251612294
-2034326140
1821218523
791026292
1539962761
-1465320463
672369521
-1216753219
597171556
1283460501
2029805431
-2114875924
-488520821
784434919
886862767
-1177610699
10
0
-436500417
1435253286
238347711
1706409196
-592025067
1751070383
1097805574
158710043
-428045086
-142138164
1328030245
1806821306
-383222350
-1480092385
695247560
1301810283
1735867783
2080580379
1347008689
1572801927
58362034
-427526083
2073413740
1583559084
151719370
1275840838
428387843
-559873329
253047180
-1647929135
1105384924
386072661
834460264
412474526
-821119387
1082136185
397999003
570406110
460882714
-611615278
-1950404325
-675664394
-2004544440
-1998545561
2049262217
-59370074
-596547276
-797520776
9960949
-864021660
460319497
-40050416
-1025785085
-1903369457
1784641140
-263086514
1812891804
99850889
336507029
-397283404
1887682634
1774004993
-1999199045
1864222298
-2123183517
-2120807313
1020887962
1039641933
-1438561982
319605777
1673087161
1663306822
1125073465
-1231654387
-1622996762
1556509044
-446562721
1625485028
1742851622
-2008854913
-491070930
366513491
-56495824
-293373843
1516024889
197068852
2028224514
231804771
840146844
1100930882
-1683983581
-1643131613
-1328652799
-2019691627
-1615027922
-4583121
-1111066993
1429154809
-1352641117
16517641
11
0
-408519984
1131097777
-470480229
305452536
1175473556
-594219711
402560410
592513416
1734970523
-1670607918
-10641536
-731134806
2144180200
126329304
-1800040649
-1628350561
219214206
-1222440859
257422721
-1685191077
-1860198571
-1101996749
-1902388091
-447954989
138699032
-1337619354
1625948447
1616414966
-876644028
-679089431
1742207999
1139589323
-215354197
-1954313595
-741113847
1989998624
1244448500
1575791254
-1829721366
-2084827796
789278857
-1760835612
3905557
-485543405
393513411
1577666606
44996810
405519654
723649905
-1073848317
1231079422
-1939369607
936711177
-68713336
880272189
78332051
465664339
1548053863
1461720025
-1991147914
432707054
-300679707
964334885
-1151668558
1995598290
-2013307332
-364826533
109210847
1666922788
-1633118771
-49758805
1752810049
1389450355
143504665
810591302
371004359
1312276411
-1409810919
-1632625227
-531777905
-1812719782
124199947
-1717248793
-1806636910
665674629
-1722528761
-1507268562
900694017
-103650182
1113400115
592825038
-365692627
6879661
721884712
638171708
-754531007
342162205
-2025780753
1819446113
154892131
12
0
-195365345
631849885
-2062474648
531885170
-1124459627
1402995260
-550602686
-536944727
859062640
-531233592
-862548760
1698435396
1947398994
-1531782820
1555816686
1493728268
987991068
-2010523099
-1953040546
300155452
-1212022928
-243272865
1307563561
-55846838
-995519792
1254257681
-114315778
-614186215
-749509193
183038256
246218190
2007571337
-1088444906
1924379060
-1692901215
617760024
-432052094
-1989260320
1370177284
1734826668
-92191302
-2117390271
152075363
-729815593
-1532766601
-55401574
-162841845
1571895624
1738235111
-1898144259
-1587516338
-179344813
-938574727
584528880
16202232
249873991
892505686
778134451
392214398
-1088516821
-1635781472
1000763431
-1443890326
1649630377
-2090307913
197591477
1571131148
627783173
1698097609
-699427213
660844121
-616267858
-1989235282
-1548198146
420687286
1641187381
497896060
-66864999
-58895310
-1986271064
2123545933
523507062
-1988223386
1601595721
879091519
197522272
-223264432
-1629400466
82307754
-1608689755
1482565943
1278763632
-147754009
1029415643
342176726
457304264
-418177524
-2025970353
980966909
-1360271918
13
0
664844614
-480957454
-1705503043
994809059
-1719443387
1396953660
-1988830441
1853864534
1828482708
-1578921211
249583693
492760781
316259132
798976473
-1557041577
-915159942
-1775462861
-1029053298
1782741338
-1111154564
-819284743
-1029004282
1004244384
789159015
899577859
570650658
1171414863
-1495594698
-524078194
1509481940
243779971
-252972068
-1982996212
-1765504100
650089238
166060302
1866904767
1575770784
126960936
-1579538107
2078507661
-999948789
-909096022
967889876
-559883899
-1252072964
2115531238
1091122050
423474903
-609290995
-435935009
1847169726
451283620
919372392
1908999870
1399322203
-109152839
728983356
-1841924070
2114945321
-195628820
-1003736099
1702585834
-402671963
619576102
24807101
1058076493
-1514130284
1849675713
992342997
62378339
670511381
933667821
-1551280745
-1635212212
-2132197103
47330090
1805576970
812620017
2059707940
1771868469
1967583671
-1188931586
1711809400
1796215733
-1457943511
-2102414509
622543773
1325228336
-1419721726
-735387882
-1420658267
-1903990498
-1544618984
-1589754596
421105615
214421099
1486745047
-1957149315
-563424210
14
0
-1151159781
-1000426009
1053752555
-821744894
-505824621
1352256194
-1720099426
-12437368
1407391953
1295128501
-1636551136
-258159842
997355596
1721784104
-639977238
1334332660
1733342553
-2085771380
255611643
-2107752444
-523843733
-1908826824
-469779058
324112277
1174077195
-2014811439
426095727
106409457
340203671
1354585644
-456178024
-540256299
1944289051
1238719357
1462779737
1786751125
-2104751770
-505301767
-1216510613
-1605257199
-1024179644
-1361153889
1968439026
-663797383
946458194
-437384376
-1893675671
-1385815683
1535861213
1311409583
1198019206
1528426207
-618858008
1098975449
-990343667
-796655781
1827446554
-1511881314
636153801
1792845064
-499064058
-742435675
567897532
774006890
1260385915
-492009023
-2005746523
900654329
20344857
131203967
-1697115980
1486075450
1779934089
2110360655
-1488027918
-500613561
-1250569632
74419061
1350749412
2071071669
-535879575
415447870
-555736786
-1247500572
-1397636015
757731378
1922874856
1646245593
-1070697081
1031296560
706531210
900337006
102487057
2041436980
897661716
-794455625
-2008646418
530936489
-1556044846
-552294876
15
0
2014579468
-446895051
-9441232
-744219539
-1951387266
151996793
165791256
2060837949
-261881384
64211500
-2071655096
-786106903
-2128718636
-1669235599
-1337795100
-960500296
905226575
578890100
67792189
-1117683159
-1378883045
112110687
-786802126
-530846990
-1298773040
1101649289
-1025389500
2102571664
-48583135
1922054550
1046431852
1458678533
-30245796
-1927436667
-918187166
-1833455412
2139815514
-1622980960
-84404055
1432811242
-38356430
-121272990
1111680899
-1603172217
1759429009
1013229437
-372297331
1163311491
1536834289
-1034145360
-770759889
-1562045876
-1465718445
198216774
552456264
714129771
356994331
452612425
-732185138
-118704713
1466695716
525628313
-1771562896
-1959504377
1022237285
1736410
1458003249
-3494524
859548970
1619327289
-1939456307
-1494608824
-925450430
257739344
854662432
1154422626
-1189180394
-797323473
-363085795
1452523059
-1692342581
96358967
-1320078923
-92769398
-428682064
-1859510877
693000874
-1877768150
1614023116
565368684
-84782342
1982650198
907467318
19427887
-375028366
2040756599
2036648735
-1155569898
-19596526
475946366
16
0
-1425190835
439827843
428243877
-9303569
-1094930060
-1656469499
934626139
-664331981
59454554
1018183758
553804568
1103911050
-1690333939
-1514992620
387690777
-1263492232
1392514822
-294751522
-1531472525
363682302
-960048022
-618420498
1135066356
-1137020969
-869299778
-1971502589
1958944676
-1687645636
-1422226794
1270331560
-1486512059
-121425945
122844243
1901522665
2067472142
451324825
235054202
1214591733
1803913112
-997178606
1596595854
-1103532796
2034734108
-1089875723
811100148
-973312586
14612065
1897992439
37072608
-1543310643
-753375790
709321198
86677736
915244570
-1507109908
938610390
-422695656
1017760397
1080122055
1740798115
1886597038
-2105774449
1208073061
-1124940378
-711617591
880576482
-245114725
1528233188
-1562101868
-218634307
-1656795528
-241016601
-218521136
1073637949
-665469132
-1164818047
98211874
1228514598
-1134555350
337024870
1163662926
1095273302
2104349962
1575010406
2016105458
-37984870
1860840098
-1244519191
398742882
-1983225163
919266836
-1835308728
658587964
2110013611
-1663048895
1439111355
-131929186
658259241
-1004927132
703974812
17
0
-646732743
614852154
141139759
-23836321
973240536
-1323446892
1967766655
-1454650056
2536561
-544687988
1738169670
282029696
-1509964332
-1079421633
-1964224543
1639750482
-1162464300
-809264880
-1489484722
-1571082768
704156412
2057344458
-1621121820
1687174738
160579406
-144513677
368580607
1895811516
1754263714
145152445
1572102329
1393090714
-996863815
2051031719
76498174
-1877514043
2095817382
-2075749658
2047905316
-773160733
1890969322
1079282616
1045126200
1000554122
1685986722
1262558
-463641224
1185435671
1378866797
1211658821
-943605601
1131245720
-279098842
-453199918
-1363935598
116564588
-2089040658
45654388
-1286694689
-1598243560
2101170517
986315911
2097546081
-1198049884
-1355318246
1525649599
-1757438584
377794782
-2100831816
604756791
-818691613
2088929947
1085572778
-1164169240
1802620289
-2091953114
-408288461
1016234817
1508527255
545119720
402252111
1062858874
-1268998670
-92236788
-1574178422
-763293803
48413498
2092728222
23488034
1539386428
-865245419
-751656567
1641515707
-1280968079
-1797822753
1378857765
267417993
328887412
-1126956730
332213090
18
0
-1943100400
513473541
-168015790
2084285135
88907644
1283399940
-615096831
-98899338
457977142
772687962
-951996980
1789244936
-1871047689
1290454330
110050982
-1050817143
24677374
-1692316162
1688484402
-885353814
-1906784440
-1626917440
1522002360
-980967546
221082361
732102569
1312635212
926938274
-781983226
1837105204
1246802833
42128541
1287611673
-1579983590
-296702326
2061679073
1296210953
-155045066
487450522
-221288341
733221103
1284037932
-1102331376
-1211205246
-1124719364
907935731
1445392482
308314445
-1623423431
-964231094
667110680
-1321215420
1254727444
875713367
-1994103996
1174828510
-1062116555
-432068449
-869574305
964066689
-233502383
1844554844
2064052508
1905656200
-1424768662
-874505448
128093545
1182352980
-204155040
-1196999975
738013537
666536364
-234871316
-210720633
-1320883791
-1027542564
-1315138771
1197355273
1363231026
340395223
-1046812536
-142979125
753522887
-398385871
2114545177
-609719804
962965078
1504543966
-333379492
-188631146
1614983238
-713272348
-1317285121
-931156415
1028319112
-1977720650
1696442144
-794488732
976866143
-1009051778
19
0
-491758986
1958724381
-156672946
1111117389
-1564876906
-1475061769
-1805437545
-2076485264
1754428174
-491574780
-277781432
828325903
1244553001
-1321816222
1434574376
513123247
-1493536701
573802049
-107447119
-903667466
1068382617
26321315
-1151977260
-400454696
646780340
706552959
-1610139280
-1004795421
183669857
1234134940
1348078436
-189967459
-354250507
1491315122
1491245281
1187842523
953568463
-37893026
827618968
-1619447112
-1782336084
110056566
343741065
-1035526580
-903762563
921791659
1248119206
816520152
2007368437
1242545310
-1496681088
1314381658
-1994269233
1048410937
1265532675
1001636923
1014741287
1770699042
-777759369
-200027804
-1782518720
691995763
1514402766
-1338932973
-1568552519
-204714746
919870770
-1974391838
-1498290416
-1224459587
-1590719262
581090590
-1954396355
-1656404702
-1068461324
2007866797
1846515658
1498723196
-1655218800
109898594
-1800434242
-400813308
1325430858
-1372173005
-962791626
1318078674
-2103526558
509424087
-1076281235
-213694052
82946365
1935008765
-2038820910
-283334360
-424845897
-1162145644
1818856590
-424268350
-352680890
136775229
20
0
-984219794
1160147526
785179168
683768832
-1031452423
885503661
-36462601
1582419249
922457218
-1090507218
1590501918
245712051
1687195233
1524612483
-306861804
1234303181
689079320
235276060
-834936127
-2010502053
-1255843070
195396701
-1709616638
-1022824978
-588622906
2076881770
-1416403117
-1343186862
-1584756215
259341489
-1083409421
351618628
1633307665
1206678591
453197010
637177488
385049850
-1306871913
813562026
1099066939
1281037893
-1424316842
-184700105
652015653
841038725
-856222847
1426748707
341222007
-1357881749
1536109331
-575996372
-53564684
1367359488
-202031472
-106629796
-265000554
593995728
-105116526
-1477699348
1950858590
-360653535
1942066303
883808659
-37146859
-1848861608
1850839154
-1259688598
-2140168859
-181080212
-1752943688
-161198625
-1969458493
1476506483
1848525368
980476055
-745302160
115092570
-1702919877
-1489588549
1758565690
252234374
-375852027
2068434171
525725421
-692036741
2018948474
-842166113
-35701427
-1450137074
-467650781
-985130416
1106866913
-308973558
-2006332492
-1913206157
-2020417706
1094838926
120827257
-1137882434
768887298
21
0
-1501264423
-491454680
-175820158
74935549
115317735
-1017677397
-1625669023
-1607084549
-632327495
573424250
-269904620
1643974431
1074164515
-1930148021
-1349111052
-1508227602
1433843045
-82411873
1703535259
-1857487119
-235553760
970970631
-1813485923
-989745817
432606555
1591844747
242079300
1179596923
-1757587908
1173524119
-1513242725
452908985
-409993620
-1235729860
-31387125
-1844559511
-1972723238
2128038665
135311250
1752543984
927906389
1938104502
2128899435
994288245
-115524774
591864927
-32142743
1491328980
-927668103
1380669676
-2132818418
1174709438
-1457755353
555277008
-553019573
1019996480
-163256147
-1846709521
-2108879786
1630495926
813693374
1249877844
540677617
-1163206764
-178822282
-1008412745
-1291724889
-549717972
297364590
1954891905
1225000281
-914456883
-1812024944
1306604078
-1540962298
504648281
-125828550
1010057030
775992894
318422837
1779691138
2009084553
-593847543
-1679915848
-288612673
409877909
-1868251326
2142241450
1904722437
-1729311947
-1383646779
-765604979
486915113
1674475999
2006138226
-886144594
2071631894
-336984537
-2047025531
-1159721883
22
0
-468984606
1239999963
-565211767
-1087824007
-2046871374
196592619
699806929
1578312777
-1563054703
-1756849477
-1891617729
-935958286
1191247168
349059673
438371635
-508846211
562136309
-998736274
1457709903
1804590745
-964409039
1099482241
-2135834780
358601469
1911999654
-153242923
2065328629
280593489
1466824988
-859983298
-457166947
-1207454632
1707869
-1583910622
-1001517494
-1041311761
-1847699352
190457104
1062360687
137674693
-339039309
-1310559873
-1674659838
-1312168235
-1889516436
-1389648522
-995301767
-1171431561
-1218232454
-955044619
-458255040
-1272338363
-1700800171
1144334967
1546166820
624579172
-1047829785
-1400857037
891297797
1124003255
1484272469
1881235311
-994743962
-250370286
-387395330
315105451
-36071987
287213139
1063246766
-331253354
1569193518
953079763
2030954959
518501041
-59549235
852322783
-1541886504
130671056
-510493227
952656809
-648057083
290505375
-471959115
418417484
-1166673904
-1389985285
1034241595
554897448
-1271674526
-1392263354
973123651
61564283
-1451633483
-1716476077
646811278
-19552359
435030154
-2047299877
1338747156
-1661913573
23
0
-433973520
1676298910
1523277255
33524241
1998362952
-971799665
1186384879
996441642
681666263
-227244105
-2098343003
450914556
-1177275735
1867203355
56087980
-1704334670
45142572
-1219097862
-1970191607
-537394029
-606233358
1549487273
-598551264
1125228197
-191057863
-224099321
949331110
2000609703
-424502783
-1335841172
-1513780142
-1510579564
1466341049
1648382455
1810822897
-40186918
514476430
-24806331
1648383002
-919627885
84230401
1345807024
-1338565592
-2054060366
708035144
1098520412
-920353529
1074347655
1948026188
1707977828
145490279
-2116490253
-1845610399
433592502
-241723949
936800097
-687115062
-1907373259
1136393762
1192373331
1270070623
1003868543
662921929
1906684638
665497840
853660499
-1899463956
1378290345
-1594356435
473905450
1366110043
-1141570147
1535440555
1041724056
-2034727434
368226641
-381731606
-323419929
787263411
781515526
-1092855214
449239894
-778277238
-656809100
67841271
-1464120501
450992360
-1917580669
1342567254
-1575609586
883351932
-1712650887
1720441425
-187210779
2012856578
913887817
-1902522491
1100893688
2018931992
147593921
24
0
-64001439
-1254698393
900447898
-1758387371
-1874182224
325874228
-69512787
1701772808
614001322
-728378913
1969403097
-412185917
-2067730114
2116141904
-1643813839
-1926312544
-1906015174
2125463013
1270754029
814136823
451525257
-1691861788
-1577348050
605551843
-201513190
-1452737891
1422868858
1327779812
-713333523
-1146502963
365138515
-126503840
1990716303
58585662
-1968850680
1604770440
-1768642208
-99334770
-580985283
885341572
-2018943531
1598640283
-196226439
1777985641
619923318
-1314187525
-1418734419
-1913402615
-1291455178
-630185629
-1880138692
483882315
6786978
-607658508
-1363385332
-1981402691
893433276
1343092381
-1654885228
-1525693093
357726483
-1437283270
1414718768
254593020
162573803
-2062969349
-969831665
801879826
588810485
1794602784
-1605046142
1389732029
904774962
1693641432
-475675100
-1677045083
1192607811
885151315
2031825417
936036597
1588859287
-127748900
-657896797
967158831
1206069797
709534289
952400361
-1399554550
1928907711
-1923111013
382704872
-1725643755
-1380625987
1562790127
-1209751681
-1998599686
257968613
-521270826
-232552981
71631436
25
0
2055143855
273364169
-1114882261
1366881386
1393091987
-1708364217
-972718258
-792197056
1148738487
1029655337
1355656387
1079456914
1190423244
28669752
-1130137479
-987158309
-1594980168
-1966590166
-1383078214
-1578337248
-183264275
-1104575742
-322893749
-1366395761
1202409024
904459300
1359950210
209194272
-1858303071
1669796982
-877876571
-2014199811
1919245601
-1449475137
-2024948309
231335144
-711119835
719690258
1076873728
-2113693623
1044602920
-1192212232
103938604
418315123
-1123448218
117748407
250468577
-516448468
-1877183530
842001000
-756742628
267795859
-58233480
825668650
1268355574
1975334835
840329425
914689373
831794266
763925876
752431348
-1297600553
-1571937500
1266954540
784328248
1562030767
236911915
-453398379
-1255795692
-1113499691
-1003552017
1845194727
1752711416
1599127005
1666507938
1441147768
2142490300
626473666
1633856318
-2059673215
-459535948
-134107441
214876586
-702345637
1383496834
661964757
-582123264
-1823339228
-224267872
-202712498
-1029828430
1093013224
1014483869
426397431
-1413232920
1516493878
1481297860
-1818476596
-1503834159
1645978944
26
0
692882073
1711492917
66311599
1839350726
-1602812759
1559338357
1102214633
-1091460502
641448785
1987150038
608091852
-1754285357
-319460772
-1762123740
-949930775
-1380800524
1792184212
-1107530774
-210446656
1262572125
898747022
-336837395
1056660870
-1498178
-1005104265
-841630668
-1448685723
-1620775620
1628866892
-2117943994
-1644132356
-1506442227
-214157970
-419389758
-47854919
2008694012
-440405984
-2044033829
-720767323
-210600668
1775680922
998830119
556696877
-1051371663
-1657599828
1640418021
-1273742307
1594952497
-622719465
228881996
-1731901647
-807759973
-2063424831
733651515
427066546
-2109118896
-1840392078
-325579910
-772521137
-1731799865
-466349595
1213924802
-1152988739
-1794620674
1366803075
1091745914
1276414660
459030026
1951437880
550843296
1224724436
841553071
1118349190
1273611328
2103325574
-2027369234
3919642
-2055876455
-1984228942
-927603753
-1767328060
1039293840
-334103267
190382099
1477744938
1998930277
-1273251959
-150900607
-1952421246
1448291578
-1088590266
-1008429988
-887614760
-2073832515
1356390953
939117082
-1124302609
-1508359434
-1312414282
-938045298
27
0
1560106305
1932721836
77344192
-1337153454
-2043829177
-493945424
-2028392948
-767420283
-1188658922
-1404004097
1660402231
540217564
756030461
-2060453440
-631841456
-488926410
-818306205
-1247628611
1509053700
-418500817
1705949718
1169804100
245955714
415878447
-2010666454
-2083544191
1246364566
-1673785531
-1451261934
-674038505
1293816520
-1314625015
1678639935
-1527488276
-1723744536
-1951962133
522487387
-1739561389
-1930285745
-1136990455
127379595
-1670503212
23849539
-360556600
-798262813
-1118912578
1672049574
468534284
272798451
1488550922
-266006280
18479060
-2058864626
-1778233983
-822592151
-2146319307
-992148367
-1061738706
1328236836
-1047196520
1841788503
-1800359274
21478221
-396388815
1056710819
-1354165784
325606047
-2028816163
-659261020
-1089084149
1853422804
-63019626
129780460
-1760437587
-1096410425
826006096
1421151665
-840408776
-1013564832
-1408204520
-793454162
-564423903
753723312
-2074301580
1926462456
-258786280
998868189
-630218797
-1291181091
1519430232
-1379372357
-1954553386
-385269841
-1231775044
-660116609
740442348
217507456
-1641689896
-38100752
1126279819
28
0
420049874
1864396332
1860174394
-630703789
137184815
-460322808
177153906
288765393
-204995098
402428895
-457473307
-1006392546
-136875699
-2067368445
1020424404
1708156683
-1455341595
-1644158304
-1317296796
-671779713
-143927437
-396235236
81606385
-126354279
-779195221
-1225229944
-604001512
480970698
1046662080
-878456387
1839338682
-1443640429
23542182
1411137038
-1444485133
519970319
-1494438273
-1825240862
-1913476088
-476920353
-1605500796
461860471
-2087910429
1992589936
652146188
-2037727114
-311211681
1064735107
1850310391
1049664056
-916585212
-1028686043
1739853633
1573849301
-469745587
-579908161
-1696166060
1070245245
1504614625
2123052254
1345951860
-1171116477
402051188
-1334039664
-1399132205
124886069
639994335
-137095648
214666110
122699494
-1917766494
1510164002
-1975273881
-1931338041
141701085
-931112281
-546886306
-1016130477
-629483740
-1872368722
-166840031
-839354817
1102531411
2125525072
2037389718
-138952439
-1943932545
-177556773
-1934644919
1171889756
1181754769
1722592238
389591955
505082966
1493243561
-630118980
-2004377270
-1049207736
269729425
-1013172758
29
0
236305781
1015694405
1781932287
-2046056792
-1512682231
1267764634
284851663
1268758430
-592046623
-1828339792
-799888358
-431504695
179489533
880024612
-243055412
-1450536513
-1250733231
-1577911065
-902006479
-1220141408
402664130
-1364989727
134212085
4936884
-1719392187
-1471074444
-795223094
179162009
844307593
-1814515912
218194178
-384531912
-1014403897
369011425
-1821261779
1589216569
1449010557
915879157
-1418003806
-1174920519
-1632985802
-1852493174
1841722864
-1781305573
-539360326
1734568873
-1177228480
938602710
-1195773375
1148971228
-630483464
-500913885
368604380
249451447
136106945
1328946768
423546366
1694594693
200094527
1951824012
459803333
-181144973
396706593
1349573441
-1953112664
1642010307
-589365870
-1977446501
805268458
915347928
-1659481866
-2091492712
-677199581
422400982
-1240256027
119549733
1187663163
-1249245737
448366234
-1670984721
139591373
1838216877
994783443
291024358
385388182
2092377978
-1634181737
-889457601
-1742385208
-571721919
21278094
-1802769515
-1495089725
-1702309791
1040459363
1972938101
1185354400
451992013
-2057780274
-1243906787
30
0
1095520903
384231084
14246418
-2058832238
640877782
-2025765574
-859603406
-1937789666
-1303114253
-1087244778
-397136596
431123045
-1961109707
992612614
-220301822
-130688130
759302450
-972316739
1206165272
-1847835983
745198113
914769510
-713485327
641931813
-599642346
1483990926
-989298198
2065967452
911446961
1901813090
1885181298
-1427559188
-2146567141
-1416232651
-1216547024
-728681601
-1156321070
538427692
-268277911
768977117
-1981527851
-1746602396
-188816674
-198361132
-542870684
-272369374
1827163670
1898323904
224751059
2099224500
-752228609
305146693
-1264728283
-1250026435
-1451484557
-1174047206
1618688656
-1524544170
1816617987
2112055863
1148543137
1796329092
-1130248039
1526050792
904572031
1357525416
1648217644
364951404
-173442817
1951359123
2014289048
-387698910
-692794303
1500542460
-585115370
-1798606680
1693278388
1047017024
-1659068430
-769793335
1568325886
-1570818265
1531305873
-420256358
-310041462
918077458
-1007405053
1054235218
2050201718
184250226
-399676914
-467293805
-2102166199
-748551534
-803442710
-1724105397
16536080
1137288719
-266739037
137846670
31
0
-1200929838
-193898524
-1608198050
-254051740
-1832070530
1828481460
1780267613
-1044384480
-1248559029
-1171587452
-1242864178
188973222
-1706762403
-134751153
-1722023318
244184919
839872492
-70006714
40229380
-474762672
705348037
-813777606
1667758891
-1648823259
1631591102
-613548863
118483492
-573817028
1018710993
134685555
-257841507
-861388182
-1305448723
60673891
2121598147
1891676789
-1053364858
-1396845548
-88564132
253679716
-105754916
997009546
-2053567547
-63099158
387074847
-974583793
149152852
-1656962596
-1737278505
-1781014106
42034700
-112695903
2019837148
-770420569
1529671151
1634991686
-1142225904
1267399330
-143313495
-1987414833
-366855574
1994490470
-1461241490
-225370959
-1994683933
1930676244
1647227729
-1734324431
1294043479
538946447
-1220792090
-1375786761
1817540398
827063032
-416917705
860517300
1960939252
-1701628246
-816233184
795756716
-687807077
1420144567
-783253434
212240872
1557826010
-1510253087
1887222696
-936540794
-1062125312
1062865058
720258330
248243316
-994570772
-1412955455
1943426103
-1561336195
649877665
1292474557
205462215
1371461939
32
0
-449198418
-987249612
1331495902
1297987769
-419816694
-1652066939
-1159477736
-1705301619
751780743
180494534
775283840
-303978614
1004798666
-1598308000
-1582616557
-1055515045
1518319329
-1540236273
-597533902
762802723
177738194
-1595706070
-300547633
-119111612
-1296426997
-1983155885
1460474332
463818713
-113416474
-1422999173
336770611
-1518798609
937468144
1788381806
1798969888
-1989724120
993197780
366467110
772225958
512880694
846821742
423924207
-1911991446
-1626864931
-423380389
1538626693
526589594
1076033857
994611836
1278093356
-885102339
469858346
-484064604
1593305508
-432665849
1902243779
1008477097
1573340999
-1954610741
1973348496
683842785
-807924799
1012542120
1048743899
-2112149122
219327743
1618008223
-903450851
296611838
163634272
1863473639
372612511
-400997704
1739960327
437588087
553041871
-2108152341
-936929233
-92033036
-274829396
740976841
1488485251
1059296111
-1554225112
1557078186
1202732243
-458524767
611733044
-2129010592
-955706828
-132091125
-298740267
551903891
796023817
1420942023
-1228119367
1035366153
1703586
1512336260
262669267
33
0
-75833918
4269693
-483476194
248631581
-1545037368
705896710
1019461399
1016776875
1541087273
1760768325
-915861429
-1545841059
-1593515929
-804486117
-773444327
273283014
373832304
575691006
1119758152
-1651110114
1255812454
1785531243
1507521801
-191234093
-281846469
1837577701
1677453281
-668468438
755543952
-101412919
-989025287
-1567230247
1242147124
-1755382405
-1221734646
981718024
-1119581595
1561402771
69061796
-1600492613
-1181427089
-331569845
-2043790204
1964656713
-356338905
1667061193
350265146
866113007
1287328560
1161946227
-708269394
-1732952747
-1937535008
1177260159
1453772750
-414703654
-140222372
1838591679
-1917922180
-1438667556
-20082873
-1502202505
-587200271
177084097
405473120
-1889450849
-763657726
683257490
-395727646
-316057396
1674358009
107234092
592437694
75964963
-2102723282
645112692
-85072875
1204176721
315658506
696510503
1012628558
-917350309
-551761734
1768477102
246839745
-704808756
1813853137
-1017681315
-32347257
1083656081
1158768617
-1108543340
1347412733
715037866
1694402623
1049420908
-1854168758
-815918077
-537800025
109572785
34
0
310595723
69187141
-289984519
-1680212153
324465599
1786958350
-1113726912
1768555379
1300618986
-1318357002
1663438459
-621872905
964628430
1405160400
-2142793211
-1388053574
-335314781
927439224
195879471
956319435
1232523216
-1032780833
773860388
-1783819979
-354790369
545246560
-1886284729
-221771719
1242222803
339742783
-1745838756
-1521756581
962270825
-1391581035
1049053717
1157999248
613155847
2023414403
-53874585
342918212
-803731727
-25657165
-855568941
-582749549
1308383300
-147119024
-1307455247
-259757238
-543874202
1898091872
-855095827
-1635407555
1761425304
-1919863182
-2101789440
-1320767445
-1341783956
882934456
-12912623
-67512267
-67325370
1274628803
-475276835
1445371373
-925471763
-914841754
-199179611
369881145
-310810602
1618430320
305170993
-613209482
2112667862
663366354
838688016
-216010301
1752065286
-1639702941
-989145754
1226286573
-758468708
-331148128
-959061
-1950505099
-1945346095
-123818780
225950297
-350805363
-2054485271
150961968
946518276
-356784178
-1220905934
-1001420006
687912974
-1674526857
2018493223
1080070255
-334724955
1969111380
35
0
1730330944
-948622191
-1944637417
-1001915811
899554132
-614352686
1849928737
363673254
1353505788
106778131
-175318947
157861964
-1079144026
-739480170
-1062135418
257201012
1546060697
1821853014
-1541272469
-1882786648
1796801794
1039290562
159863363
836539503
315532867
1033207960
-1909209053
-619095450
1006769144
763549088
-1117756701
742114627
-2146787601
1000236187
98008689
2008326741
589146026
1810871790
1442150932
117558517
1232014152
-541485234
-1578998921
671966682
-1719071016
169470272
953342639
-80585766
-1432590934
-276112816
-1046252884
681975241
-505508798
-658537869
-2100056614
436449308
-1893039230
723661838
-1275010611
855913473
1751746416
-766419913
-512962247
1935295785
-676590027
264523795
136756683
695522027
513719382
-1284037794
235014174
32403647
1794707672
-534858998
2126644719
-1940129536
-1375316093
991246250
-719933350
106352641
451949831
139127188
-398586713
-656928903
-1013231256
474093254
-2071893283
481955571
-2060248035
155962971
110332461
1242743194
-681771215
11721367
443214414
1177089672
-163759093
-531810759
767072484
-1398429843
36
0
-1458901953
-1794804822
-281080870
-1817281458
-306511600
-753027282
1156253516
617045907
-1849591398
802887755
-1281967205
758333885
925167656
1078640583
-964260298
-242281998
1639582299
-191158996
-2044796233
-1894292729
-1093773204
332507356
-500438197
1452323666
449944788
72896538
957645417
1783479354
2087496347
988999052
669529969
-1597774886
962768171
349284614
-228305070
-846809097
1629569177
2023840802
674192035
1349417310
-1147089342
1225966936
-1690671973
943540779
97669552
1521843287
-1838955226
-1067599533
-686473415
-1506564536
-1435165347
122662497
-111303354
1122454979
-1057341641
977055215
-1361094533
1454276918
-952361133
-1741647474
1291325043
-285376021
1235013088
-709064260
-650404114
1531690747
1956092863
-975757832
1084110658
-962267700
-1901669180
1935880245
1115041084
589146667
455428728
-248699983
-2109603995
-868007436
2105848974
1705783332
1746616611
1040314677
-419888449
1649423188
1349543012
-515264762
1326167402
748877132
2141386744
1405044373
-1047717523
2050919557
-1832142579
-1150689745
-1845039522
-1672342977
-752958615
-1493960829
-2086495971
267235516
37
0
1715780048
1398146838
1890133558
-304250796
781467142
1301934709
-189209242
1978012805
2056085553
2021994319
-878348564
237109537
-1623231428
1309794243
778289915
-1328089825
1420622253
335792956
-1530415267
591315159
-1863572340
440162182
56125123
1446327815
663527433
1601458969
526014538
1621147816
-1561413539
-545272958
-1834332113
1961457490
596776386
-2112816663
-1032062292
2107065942
1318608931
-876472408
1458645734
286483352
478646497
1201908622
408555398
308261046
-1291896188
1759123598
548674604
1325519500
-2065564942
-1127773048
-1131240896
2110161644
1996210636
1985523799
-546206594
376026270
1052045886
224212919
-560183266
92981783
481754522
2016575796
-1001194860
391862907
1009401639
1350382263
-2094467978
-823263510
601039639
436360528
1590528290
2146838207
1158113741
-853078808
2131826935
832313972
-819247989
-1172422198
-843108130
-1667117913
-1984176988
1097063496
-168936070
-415759468
816950571
-269506839
-336706685
1282263497
1904803226
1665324460
2057920540
-668410623
1861918643
-1679763339
720958101
874967582
236708910
321234664
2116321859
-49206885
38
0
1137551983
633532152
1386995931
636145451
-1948608725
970788230
-1258451106
1201507709
-1742653078
-910051627
295585740
977520359
733500076
1871392272
206091274
-1466421350
-1042533097
2006018194
-1095730546
1472030269
-144079536
-1950308649
907659563
178904411
835816027
1059681448
1191289591
-2088305591
-1103614672
1245745771
-2137225266
-1261676768
1264758052
-2055229975
1631189119
924501551
-372287899
287813200
1072907787
1589232740
1305927080
-516964500
-993431972
-733800379
-1358711560
-1278494037
-1132492544
-256753670
-1037770400
-1403775635
1822666350
-1928392209
-398074161
1681281495
-1793637407
-522016571
-1508396624
-252058548
1600039417
714053207
-1316083577
250245502
617680955
-231073832
-1297038584
1863067041
1131454643
-514397230
1430965363
-605693354
-1646879583
1258876082
-928872204
-1109336868
343571541
-1734639852
-1004359205
-14711873
-1195327267
2069920526
714973648
-1457730233
-1746655599
1873057640
678443117
-406212911
-785392617
452664973
862056175
435446132
907335993
1952036352
-923588366
-231334055
-486810313
-617902370
172919281
-935296202
1961819500
1941225553
39
0
1532255032
-1813767366
634891720
313642214
1799735315
1481319306
1089105062
1545625249
-1713368986
406206371
-1960118433
1428256205
1281043503
1710854440
959779527
-412838095
-229902938
-619554282
-895428455
-1992420381
-1527434841
1845370309
567702771
-661730783
1434169502
1215729601
1511328720
1961102705
2081664051
6765815
1918823584
-1509558241
-954811688
2117056073
2064744128
1927128253
-2131820476
66151406
1936124462
1820410035
336891975
485654328
-670973678
1046713977
247840602
29432325
1469993598
-169032022
1450219554
-538402341
-88078854
-385202786
-1142329067
-1592399414
-612313145
-526561380
-1869808829
509156129
1127930306
-917401706
-1099943140
-391731232
-45639681
951028478
-2013747676
-633562980
-1685781429
1605993919
-1649225238
603214520
274775505
65488415
-2007897592
-1993271256
472556266
-1522214706
583169988
-1548497940
1783038082
1774598060
-670367481
1700416833
-1211432328
1869097082
1869287337
1483499328
937125623
-1721850994
788525387
-1793927757
-107813576
356285271
1142469906
-953917585
695323030
1608644908
1582331879
1005229157
485541879
-871864868
40
0
607600202
-871157884
330946059
-73015828
-427984452
868685304
1855161349
999059078
-1229893422
1028844329
1335092010
-1749853184
725133796
18420745
1371749811
-602068777
-1308304071
-67879380
856865348
-2030278815
-1845125230
1222297248
1849460069
-1960955732
-1244018862
-1423382385
-1590339806
1532270840
-1605617769
-867381375
1196100973
950525476
2031531560
1393319500
-860683995
1248043113
109635835
-1211680680
1672064428
-1273087656
1964032016
2065376018
-714001136
274731551
1661161539
1092811906
-1658353661
222794066
-197178895
573533464
57249486
-1307225360
1022092674
-445310806
715519284
-1296060350
1369146466
-1662622029
426720334
-694308223
-618097500
-187387252
347700500
-1358177096
-1332092855
1627943940
1040639212
1335427464
-1325585510
318230997
-1688246557
-1664241343
1169549497
1776349347
-1989608702
-128056105
-1832592571
2085573718
850464822
-1170095605
-1905579787
134226058
839557404
107969740
1360314484
-661016916
1065150178
-1039637283
-1251468408
538001223
2013435473
2033003264
216849398
623781419
-915235647
1503120324
-1286698901
1736830807
-1160973326
-580725116
41
0
1211551749
1638046600
2129747237
96180742
2071184460
-1896317327
-90959106
-1549345792
-963498596
190109897
-779278145
-992036782
334988184
1044943807
112761881
-1223313228
-1731127667
1660857155
551861073
-1162975263
710638407
1038645756
-1202494685
-242509145
-2139400558
2124605688
-582236556
-264752680
707606155
-1021186530
-1067779992
1901967178
-1308139900
-31844412
1762933207
1978606680
2098509599
-752993458
-1685296517
399327414
1329180959
-312530947
-1778890849
1758297446
1786681385
-24499628
697917093
-1438900035
-1264760317
-1687544242
-127596560
865597833
-310087510
-1504212166
-161656185
-99961228
-1270507329
785501014
-1299939999
-1659710381
-2054539474
-1524512846
-1268786942
1063527318
1795375123
1077155478
-1972809637
344963603
-444763319
-2053285418
-986301770
746606369
-1561753917
1297430689
-1186838473
387314041
2040832710
491789667
913898766
249449601
-760185586
-820590274
-1091052193
-1036966844
330856705
-367129231
1786984520
-1587858856
-243583229
1804913112
-1742279270
1612174644
-931388134
-2048131132
-1433499426
-194099506
1569974700
131872773
1498060888
1595207049
42
0
1844470079
-146213552
1326381059
319444244
2107451347
1297067845
-180774897
878362953
552455086
-1872204431
690517651
1260042870
-2057000960
-701215176
1010972291
580248183
43088525
-165633687
1534818048
1458614338
1606221059
753149044
740787615
2131116793
1198189823
-903825438
1522255940
-1754838944
133845863
1210743773
1289188212
1641940678
887754993
-1350213342
-658572427
-918081902
768529107
692468281
-2037638857
-154168118
759990410
-1253836568
-748676394
-654066252
281175750
980174990
1770603455
757312807
-1370220013
1990463343
-711770433
1701440447
-345771645
1030378743
-239017181
1532938935
801494966
-1058544811
-1236743791
-1687243107
446147105
1695879021
358700575
2077606000
1546959753
286763269
-1906719594
-606448787
-1572125844
-1908893279
1317376388
-951193086
-1083864668
1968892536
-1749988122
-1086033424
-1400899819
-1907043896
320830104
264786682
-589505719
1957600139
470676540
-778093883
1797498156
-338622208
412007506
-1334840172
1184054640
-1511410261
1214837096
132937637
1489740437
820449482
-1081388017
1530813700
-563833860
1452128698
868459592
440146249
43
0
-881695505
2018899741
1682449705
1037483151
-446963002
-1293869969
388306551
522187480
-1511490001
-1613751143
553199546
1074825295
644845412
-1178305564
-798404719
-1803557085
1320246887
1420822286
1321193422
-1525518395
-518762650
-1245135811
-2059811595
870576080
-263198283
-2146002219
1271130190
-403569783
-385921917
1552659323
-1998671556
2143753701
-305216054
1818211171
-1846171515
1448804195
1302434039
1551165067
-528888832
-505837941
540968047
1527082589
-172842767
1492294930
213608351
-63141933
476648845
1346310431
133108504
-1619714519
1264887095
1677451949
-1670161895
725650408
-974926166
-114187727
2132057244
-794536099
-1956031107
2143116811
605474076
1450866812
402201971
44123265
281872356
359740441
1245491521
-1036951093
976993358
653690604
158309834
-1063679467
-1490577532
-1242254230
1082195667
-859501068
-683333537
1199739193
-2144102020
-453140957
-1702607565
1230771203
-717714387
1572604975
1697212278
1291619292
-583782518
-522941065
1315456204
1726125238
-1705590881
1580021399
-756070470
542781045
-1889544282
946979156
277582711
1641229973
-1866450962
-1500696637
44
0
-1550389814
-1359964997
2113784397
679954129
-1125443914
370411740
94902257
-1752467365
-206470470
-975882504
505388
1275219927
-1285971777
1607938778
-488879654
1014943393
-1025712695
-1527023958
619280758
1856544908
-901899771
898595790
-633174336
1900405188
-888069157
93220988
1270125195
-1792998920
1475147644
-1592299411
-833053170
-747931396
1670132474
-108879106
1939925806
2063909182
-107141306
-1788547111
1634308032
-1128681502
747509796
514207819
-1289962544
1110164718
-1632064585
825484355
-416871538
2075639600
-1601612062
-1900626100
-778912145
-1751464622
-36782331
1178149679
-2103665599
1139636501
1272168698
1157407476
-1570484034
183083062
1600681345
2124580762
2118375760
-1184088386
624197743
-817865468
791250149
2011743856
1994266394
993778872
-657036906
1773993914
1876706128
174562319
-518599156
-279335749
-493706045
1420020602
-2095965876
562844129
-691057233
486384663
-1883892035
1282821619
1626915815
290725619
-1360465510
-795920287
-162648468
-941881904
-1362016112
-2018234085
-2138160433
668677515
-2081784792
628140455
1469718524
697507817
2043166159
1507167936
45
0
345571148
-1886410938
1989664756
1453795275
93765836
2001859247
1064434638
-804844908
-475778824
-1692896599
-1417194097
-1011045951
-2116193602
1502135574
1219680389
-286878989
71587091
-1686400776
-984410654
-1619499343
959595648
-32899314
589826344
-4604398
-729488607
-448489680
113685497
-1271020515
-942427056
-2039523699
897938626
-280865981
904469455
1229908161
-671893938
-1437192264
1469873758
-383087476
597755425
-1206790654
-1941229104
-1321692615
436406833
-1407942987
-108785834
215544581
-1912065491
23463055
1489065290
332060044
1545340034
-303095310
1062617600
-84572461
-957242085
-771359610
-548474236
156968096
-1035365907
-1076513554
-1759003838
-955653342
-910043945
1528916933
1911957064
2045696935
1053740833
-295574402
-1360704612
559521284
-383321399
-2012896889
-1934052688
-511925091
-1076696375
-1694597843
1394237936
-674861246
2146059217
-1777050092
-1778276153
-220632774
1602246779
-338667167
-259226804
1235592414
-1808040431
2110338726
1766546608
-1926457837
1109961297
-153040716
1174254596
738737830
-1409977516
-618611722
-212502270
507872448
-1633014897
-1072964441
46
0
1971380117
-420789994
2047091673
-609849102
673804388
351696774
-818441174
-1484890914
1144496645
1666889538
-1874855481
1165152178
1009547923
184167155
-438039638
-1229432837
1772047197
845760815
2006302099
-2090456299
-1867494009
1751670415
843783988
4699371
-1844900591
943699449
-764956811
1866115390
889278541
1892985705
531082753
636393362
-1697499046
-821536886
1836920780
-1124177930
929405147
987512250
1054565986
-237672552
1793952313
830950195
1409991447
-1908828247
134440981
-2091485963
29761011
-1014999363
1347476760
-535696837
1367951951
285072253
1175678055
-1447295316
855436006
1285876215
294245456
-657905237
-1925753970
1714940046
-1178367156
-1470727762
525005833
1180699894
1675388573
-119740351
821998063
-163636038
-153652114
1775633429
753049865
-1565089053
1863309023
916492679
-1879866189
415604244
-1980949763
997433070
-1472838865
481774851
2112657050
1515184935
-1057297286
-435982797
2143452207
-634261973
1295990827
808508745
-587207580
157946214
1046685304
143621736
-1414512687
1921579744
-713076177
653269718
-1944782994
972968950
-1765834548
-1329656217
47
0
-2064247536
211604391
716217279
-1582667718
356558730
2133548910
1365790295
602998776
-1289905925
375939545
-2048811083
-1375431114
1895893325
-1531783139
-1381501175
-1491574355
1588219746
-328591718
-26756191
446081225
-1765067354
-1440141533
-372235404
-969990553
-1996065535
-365620427
35018372
1022672007
106985573
-1005682905
-191061164
-308987452
1756612419
1601399349
-832244596
184270749
2080700510
945948457
1372275773
110825166
-578367413
1970655133
-32204894
-1599665200
-876051705
-1868913468
1256818930
1376314356
1574408713
-1733381645
512099340
-1962654869
-366813224
-2022778298
694556867
5245343
2096159314
222139232
-1811668476
-1810313750
-297752719
-1886937270
-1163491140
1745053087
51588289
811437606
1051726841
-848513491
-687608219
-1955367395
-1251835055
-1651014130
-709938401
1174168617
1688539084
-979156320
-373770560
-817673486
55900089
1555895089
-266358576
-1520537349
-2121030954
-1249698482
949465630
-291974049
1921076808
1606767675
1522993823
-229308492
173995192
-3207868
499016656
-955465868
-1165330407
-1121388767
-739855433
-248295008
-1743739601
-486815501
48
0
1134702020
-1248901772
-1235847516
174069770
-662779761
-1751809519
317928721
-1730556147
911033897
-1921785861
-2044512007
1347698327
-1930144070
535551192
1104684
1908534591
-550620101
518139418
405622609
-428088962
-925200794
1204284313
-1251843081
212534324
-1868692871
1761458384
1319502819
-1695009625
2056613963
2141940977
-2115186180
1516929130
187475012
-1354457804
-935278063
1185381027
-1471682377
-1545503306
-306238567
271595247
119895566
788637585
-1149849077
-1428128572
114944656
-1538856715
707715228
50442049
1254447323
1507262518
-2078264944
181792242
-365527053
-1954474957
-1909979038
-1414017496
1923605834
1904498593
1067530987
-1426954823
1739741208
-1269292528
43528210
-1140960683
-822493270
994335943
2015359773
-1313178959
842897347
-1425651929
-1400447423
1309361810
282481439
166723933
329167604
-2026550845
-1520849775
-1398097010
-893016579
1729332791
-1882815648
-154583075
-1857775948
-367163243
-772023499
-286052096
-617088164
1575520655
-767179916
633963277
-1044356621
1492991157
618601149
-840485696
-1888875658
-1102870854
-501909187
-1776287605
-917600126
-350576313
49
0
-1967443570
413099715
-945580690
1305750341
-1641003984
-33910709
-1498844545
-900989972
1455826769
-15233782
-1841286627
-2017378526
1624927268
-1553542424
-1331307453
-1097609894
-1927594528
-1728094407
-2035884127
654261042
-220207568
272333253
542173108
2133425703
-229971564
-1175174327
-1631687036
718467890
267495861
-1803264759
2040781651
1154870326
1181436184
1882269897
-1750135585
-59709888
1624195935
432097519
1986488060
-1914774378
395424713
-2071717916
1226424590
-1294430505
-1462928194
-1932364428
-1950034863
2107395528
1056437833
-1592701642
-1940229351
-1816687273
-1829538602
958460739
-432169531
1229945184
-1064046245
2123868385
-187772605
1190666947
-1723987346
-626165496
-655622185
-553508813
914767047
131233318
12596300
1317904351
-915742003
-585249152
1560212283
-30409700
-531823202
1402449625
2027681979
2031432864
1904001001
536028793
952765212
1747622033
2092822922
2054930570
-1845385678
777214707
1030872850
422193062
101003911
850748534
17806461
-909073171
1726887514
2137090085
-2093905944
1326103727
-658432014
739603599
-1550538718
971081531
1770987898
1849262536
50
0
-754811880
1809899403
1956151055
-733993253
-1797098761
2031348583
1313117005
459735712
471183089
2050696903
-1878057930
870215317
42810425
564346801
1227188511
164568168
-498559588
1521381587
-1205758200
1241309240
1866361070
-960514766
-233639110
-591323040
-1062974962
2064216333
-1637366155
-873453575
-1452875597
425164171
958616762
-215587960
-312773081
-809310942
1827139300
748546771
-1698604247
-1032698202
288428226
1387903813
1118939688
-1842969682
-1954007512
-1795897457
-614740013
-45740827
-1221243885
89079237
-2131795992
-847029708
1347146307
-1407812454
-696486161
-2122722066
254723912
-1874622309
624775026
-366206561
331464469
533396134
1354985714
1541968812
-984635693
228096790
-971518281
1509769258
1639718136
800230162
-685209051
-454595334
-440539326
-563340548
-855192906
-1831207088
416583102
642899874
1568268964
-2138594012
-1140694537
-1803156198
-2030523924
-1150582126
-1807134255
-1329387369
1941393578
347022172
1245065153
1670914432
719523673
-944018278
-1131934837
-1640056389
739632354
-1336503738
-855764076
669419729
618093115
-1600706491
474611056
-1887810008
51
0
-2016673048
2091452753
-592274900
926380235
1351352199
-455309498
746000907
550149734
-1355662785
794062376
1000855171
-815114689
1899462191
2099145487
-125261343
-447818911
-1346232351
-1584771323
-1670369932
-1883889600
-1330377920
-1019897804
1588790955
-524711651
1892114497
-1612926379
-652449445
1967256068
-1102102139
1157304835
-31986314
71098722
1077664521
1548526087
-1645111131
-22717048
-531094842
1505618000
-937920654
-1677382940
1038775728
186905909
-2146721596
-1251149781
1539656899
-807698221
-1836383124
-1066136650
824636463
-1570232384
-393547899
138637465
-1908250062
-310961635
-759290127
1105875847
1558487666
-1986597887
717015660
-1185299753
1079443644
-31520173
-1296285610
1157919660
1026480464
-1142615756
1804294382
-1913336032
1188787095
1436858057
-463877957
1333757663
1378161516
-1563957985
141684204
990628675
-1051782851
-591533290
-609979424
1041299972
133157378
-1262912334
-856018250
-184344073
210080407
-215600295
1859440649
45373629
-1576701098
-520408908
-1461194694
-2001325013
-2128582232
954697640
798414510
-1774667749
-1806172579
269083064
154367665
-635895828
52
0
1959849057
124097903
-549119551
-325514983
-1621535985
876376934
1136721713
-407505007
849416515
1699865394
-1582517794
1768801029
-738395038
-1176580772
-38229512
2051684513
-824060826
26887371
-1177171351
317813442
1391707678
18644119
-1777506209
-1888260290
-1006855176
-1587105836
-598445001
1221257756
-280065114
-79523436
71870215
-1689442408
-2142925588
-270240959
777359653
1549144720
1884866330
1013636139
1052028474
1377495534
1682736288
-1909614714
-1779225337
-1868307506
273288446
1924737238
-22103917
-249784037
837895738
171259722
22310079
-1810503217
-1343308319
-1941811151
-1370360686
363936518
1340775908
1362599920
-261942240
-334071775
2005454330
439157988
1921499541
-1383106412
484018114
-299779431
577131937
1954271905
617397371
1197092617
-687759074
-37380219
1009507106
706709961
1884079301
556029182
-1019971277
-1791762083
63923666
-2133896463
1624395322
-362716556
309885727
1750788987
445369300
2073585715
711546076
358052825
-783884340
-374866905
159943291
661645608
1085340342
379609155
-608764994
55082825
1147814108
-782400918
1037756660
-39290319
53
0
-950213326
-1774958808
1728466437
-375738934
1229955262
-34163784
676703333
-1809993640
551790645
-398416670
-311223541
336984461
-1458943686
-1006592179
828276613
180101554
1904536134
826210764
1943935545
402916417
-838591523
-2001568952
-1950439499
857771151
1570026437
-966264060
941260658
-1880500214
-140818263
-1906498939
-438882861
-1530953493
164387541
-295565213
839322057
-362315846
26647249
2143927184
-183849759
-1530816683
-1850425074
588508563
56504500
722298037
-1677296533
-1606060787
-756270559
302306309
1036912394
908648611
86440309
-1321815768
2081232467
-1915626359
1066295575
-1145751489
798887572
-1406616966
1617092657
-226211646
-1389296984
-995912162
859280851
1671764271
-970693711
-1636884979
-1845917410
1516144239
1057116030
1509667301
-2070453571
-1428885058
117453349
57724857
-1135749152
832145622
-1215425062
-1299834475
-534365454
-1652240104
-622643273
-659830833
-1995729022
-1304654934
-249471787
-139298687
-1571797390
1961359433
257676788
-339098898
1258977843
-2132478293
-784238794
-189132478
1828267524
1267713182
288219678
-1246117512
-1873475379
625710445
54
0
709801565
-660745468
145000322
-1323522861
1849622771
-661853245
1958277063
-1604913217
-1233628194
-1986694111
-1168088061
756844543
-653338847
2073597021
1122088785
193721229
605260290
454482081
-729632851
4270379
943382715
365229261
1417338399
-570704438
-1297370634
8079858
49542596
-2107236931
-315803642
-1220290424
-1442621839
-1732629127
-1672230048
-1241655302
-2055356438
1281723353
-823176706
360062430
-48471435
499586380
697550763
204384170
-1832946800
930572798
15617572
-117130652
281961767
486200921
-292080500
-1306757984
1360578713
454722813
-855707578
496382989
182287142
1169112044
-26697761
-764216765
-1290289312
266048181
897020662
-267245831
2121300772
762122341
595798012
-1035470693
-1080884564
2058932995
-1061243025
-1119871805
442630053
645728033
-1815226034
-1370064400
996095816
1968532237
137354048
-1792300468
-678675754
-1981858263
2145128841
938327540
25262933
-245419206
-300927807
885532394
-1105610507
911710959
-653392168
738493541
-550936832
-710723864
-55393726
1948075549
1641666241
763471972
-942944444
-638041074
-155648466
1457175061
55
0
1464003035
735792959
1260740277
795453098
-274362707
-1636395311
2135405404
-1644624152
-563465444
1946215966
-1239452015
1661270268
1828308307
-1623523644
1381804108
-1772394013
-1263868634
2091839913
1267153080
-2040642470
-440528286
1846969541
-1666833593
1747896349
-40437128
-1476630109
-1972516352
345867632
-569186143
442966961
2118043447
116419461
-814822374
1823937773
1689809203
1628537442
1478921286
207813587
729035397
1176221467
-1431087326
831819204
998138217
549894770
-1870863601
-2053917079
-844174693
1479466102
-1346553625
923132807
231030222
-1549365908
1696265215
-40162048
1494500400
1322155923
2088364222
-668063460
-1553935379
518980341
769668494
78614503
561371940
-949248683
1804311667
-1817975214
-1677675527
-2019949543
809855133
1020828081
626944680
-231536426
1772717965
298098200
1201253794
-1392084929
137758717
-1112048451
-1219939820
-1450151102
-1851682718
393565311
1775373591
-1015908084
-565324928
-475618662
-1704615604
1242497301
2062424583
738903474
458391230
-1444428952
592697969
-644956932
-786325763
-959780046
-76074552
-684586234
-1967546005
-1690613643
56
0
1930065902
1604142379
-1767220128
216875809
-1392975787
-1720103684
-579577105
996601387
-797488294
62583556
-52010306
1887292607
-1699060623
-825452815
-2123301372
-1619602783
1445373138
2088229881
-93218131
1396419736
-1327988199
-231587864
73426929
171000969
-32647268
488860362
-1694774928
-1695624278
-1974512036
213653733
-926355381
-1529411205
-732281333
-1202911403
-1224154433
721988084
-1377515392
-37546554
-1917968933
1661424275
1756112571
228881229
1889134567
-1445748563
549700306
-1907100772
-1312126098
94933810
-1144847353
714989552
1332322358
-1902539798
-1386654462
-377524986
1804933135
-1450108852
1317513529
-603784526
-1626028963
1055321227
-841264113
-2042109844
1070136021
-1228678381
556763880
408050209
-525072980
-930655766
354609880
531310863
-537737677
-1383545818
796827493
-379897644
542222482
1267982666
273533674
-1604264529
-1923550199
-644489895
661739035
31091455
-873972111
1012948288
294389081
1129515013
1229110696
-143232099
102831847
1567175942
-2128970498
1161039323
-886264396
1601790162
-1923741105
-395737877
-972634785
-764591427
1876180685
1270788352
57
0
2081616392
-1391612519
-274588186
-2131207955
-351180728
-1422892586
-738065285
385810726
-162764647
1591380311
448753451
1948760939
1631194582
1805693079
168254719
-1020112329
-229133510
480088559
-1395800537
2109704803
-1296156531
-1025718820
-2141008034
-2121289309
1110874959
-429894416
-261193891
-1945052582
-91564940
-1641428991
-1648441330
401998825
1005800471
1808462504
-2132825753
-1492055074
-2036111137
977306897
-953575505
1758014319
1966162745
-874039165
-1065858369
1632338828
505166871
1816996983
-287133965
1393039168
747337138
-1457464640
-758219743
1106236207
-1237448635
-1712905576
-1192658191
119578728
-1046811415
-515246688
-1845217910
279311426
-2033271013
-1476088169
-1684052360
606570157
1466090325
1512030008
-1168920923
584668588
-480226615
-996030494
1663070037
188494504
1789644572
545233788
-1060826399
-1442397917
509687888
1117385883
715367475
917530525
-1585157469
-1397457116
461489341
775476447
753623753
-1557568209
907602395
1592675819
-1444642347
-1047750181
-1330907648
478569707
291615879
872850737
1534221895
-193144578
1747296122
-376733598
-1606259854
845937836
58
0
250813497
-442795728
-12263492
-303029159
-67834102
1159220157
486069661
-255395657
748078362
735327894
1910131276
916330368
742042204
642800075
100396903
1134545487
982446122
506755249
1156463815
2032032679
-1260590322
-1995379500
1018028341
929388132
-466460899
1791650051
-1178756826
620117507
-758491337
1811000860
-1102024979
-1421653758
-1422864206
-841540986
1884107479
1098350213
-328232103
429504376
-2133068522
-98426658
-356023912
-1095640625
1629349962
173146215
1557109748
-335520253
-497961871
-132460188
1487599016
909400312
-651591565
1997990851
-123844804
-327605425
-112845653
-1186027341
862170881
-1767538311
-548445118
-1828170712
1035856623
120134248
593499067
1922611947
539024581
-283809549
1280004961
2066999265
-581711178
432366367
-1887175907
-336913949
674130002
-1707000877
-1979027307
-1189260234
1655359423
1898375066
686927859
-73473473
1337804236
-1990102634
-1395996290
550066626
92273458
126928842
2104192895
-1752809895
-312806928
-319437562
1245925232
1813107863
-696357484
341921704
-997610853
-1503757327
65642595
-1653890119
-1799417859
1105952616
59
0
911963494
-1760496487
918676245
-65271270
-1853771590
27605551
-1195001787
605366685
940399045
-1865320279
-2050757274
-2003339902
1518781988
-1056310803
-608467849
1748226535
-2073518813
-1969173806
230649805
2071276404
1001664700
927894338
1106860897
327542433
162403773
-898004143
-1051659476
2103223625
-2069478238
33776740
-1005834597
-597508674
-354983484
1936591038
1446222014
536166539
-822227984
1297420649
132748821
841838459
-1842376571
-141290000
1007057961
-443970971
-1957915159
1554004709
-741805460
-96763694
-1783123551
1209915104
1548879389
-87478187
1381743636
1960303209
955860992
193039570
70597290
1316732119
1018188880
-1143949304
-1776470606
-2053919070
-1145083756
85034771
-94469466
1646319089
-1575224599
-1422145370
637416661
-1047137594
1017414831
-919661211
-1658595319
1942887081
-338200189
-631059039
-645745292
1511716799
-1965976034
-963486432
-1963497069
-2023899011
29018094
-719982172
1679798628
-1918313550
-629479330
538487396
966114194
1923846745
-14767030
-1708105145
-1905458248
553279862
-1441991201
867666051
1436626318
639834013
1808575627
1680921313
60
0
11864965
-841161088
-851550814
-131439004
-789863481
2057938876
-976935418
-285773412
-485551586
1412222340
951399441
-316946166
-157304491
1148001007
1432988623
-427197455
1834431332
-1052641725
1508776567
1955963976
537748909
1857055745
-953881086
-1630882486
1428265779
949761522
1487439901
327358119
-895287321
-1815584540
264039136
-2080250978
-654214850
-1986069062
-518128253
-368312531
-1198410789
1176300126
-932976901
-39548339
1209983305
1769057294
1047714789
1742592132
1492547999
1015263059
335996629
487986473
1984413077
-685806279
1955338561
1495197092
-1837219833
1050972628
-1435053744
-2073353601
1693787277
-29023242
1646625087
1056980958
1922872831
630285001
-344775875
1429413698
1108835158
1824444151
-1641647466
-744311009
-1441350666
-1329266379
-1655015559
-620355198
1146152991
1552192777
-1834233761
-120854087
-1147607377
1129058312
254347542
680050539
-723936949
2008420232
-1341077039
1569610591
-989490588
-2105008381
878706882
-1684282958
-228276713
-1336492193
75812743
-1059702572
-1797907801
301986597
-1280971158
1111777362
-421308001
-1997805379
-1809743500
1971729746
61
0
-1611300813
-1902276180
1139693199
1554086091
-270102668
219440085
-1124137258
1800357538
814344592
514670239
-627027414
1263236490
-1267613670
1138710989
464941726
-1950244025
822788917
136508904
539510000
653594665
-1056867159
1578323156
-1124164574
-1299925044
-131440383
-1139017924
1959551761
1675726995
1223214983
-1414960207
1021989182
-748672200
1564084780
1034815193
-752626701
-2125984956
-1943139797
1098603961
210416174
1306106576
836414994
710392581
-208308317
-224695269
-1772751260
-2117212104
1497214925
-261096635
1227933178
668104908
329639996
471833822
1397720498
1735365391
-617126954
-1146159870
342068688
-1894808648
1875277916
600624715
-1421223185
-668430723
82844092
-1047846401
-1536158333
-1204343786
-1139871915
-1533889038
15360238
-2126726279
-905738164
2073008603
-1464763564
1286793800
447044218
-1654437452
1051458199
1695590304
-707377166
-755004907
862043551
1395401204
-1272838732
438537735
-1542433383
377615214
850021295
-1266698165
308649920
-1947855775
1811009921
-1568304812
480285019
668916658
1120299793
1288129836
-730515546
-2061011503
1950877831
-2112842481
62
0
]]></output>
        </test-case>
      </test-suite>
    </test-suite>
  </test-suite>
</test-run>